  imgui.cpp
  imgui_draw.cpp
  imgui_impl_dx11.cpp
C:\Program Files (x86)\Microsoft DirectX SDK (June 2010)\include\dxgitype.h(12): warning C4005: 'DXGI_STATUS_OCCLUDED': redefinición de macro
  C:\Program Files (x86)\Windows Kits\10\Include\10.0.17763.0\shared\winerror.h(55460): note: vea la definición anterior de 'DXGI_STATUS_OCCLUDED'
C:\Program Files (x86)\Microsoft DirectX SDK (June 2010)\include\dxgitype.h(13): warning C4005: 'DXGI_STATUS_CLIPPED': redefinición de macro
  C:\Program Files (x86)\Windows Kits\10\Include\10.0.17763.0\shared\winerror.h(55469): note: vea la definición anterior de 'DXGI_STATUS_CLIPPED'
C:\Program Files (x86)\Microsoft DirectX SDK (June 2010)\include\dxgitype.h(14): warning C4005: 'DXGI_STATUS_NO_REDIRECTION': redefinición de macro
  C:\Program Files (x86)\Windows Kits\10\Include\10.0.17763.0\shared\winerror.h(55478): note: vea la definición anterior de 'DXGI_STATUS_NO_REDIRECTION'
C:\Program Files (x86)\Microsoft DirectX SDK (June 2010)\include\dxgitype.h(15): warning C4005: 'DXGI_STATUS_NO_DESKTOP_ACCESS': redefinición de macro
  C:\Program Files (x86)\Windows Kits\10\Include\10.0.17763.0\shared\winerror.h(55487): note: vea la definición anterior de 'DXGI_STATUS_NO_DESKTOP_ACCESS'
C:\Program Files (x86)\Microsoft DirectX SDK (June 2010)\include\dxgitype.h(16): warning C4005: 'DXGI_STATUS_GRAPHICS_VIDPN_SOURCE_IN_USE': redefinición de macro
  C:\Program Files (x86)\Windows Kits\10\Include\10.0.17763.0\shared\winerror.h(55496): note: vea la definición anterior de 'DXGI_STATUS_GRAPHICS_VIDPN_SOURCE_IN_USE'
C:\Program Files (x86)\Microsoft DirectX SDK (June 2010)\include\dxgitype.h(17): warning C4005: 'DXGI_STATUS_MODE_CHANGED': redefinición de macro
  C:\Program Files (x86)\Windows Kits\10\Include\10.0.17763.0\shared\winerror.h(55505): note: vea la definición anterior de 'DXGI_STATUS_MODE_CHANGED'
C:\Program Files (x86)\Microsoft DirectX SDK (June 2010)\include\dxgitype.h(18): warning C4005: 'DXGI_STATUS_MODE_CHANGE_IN_PROGRESS': redefinición de macro
  C:\Program Files (x86)\Windows Kits\10\Include\10.0.17763.0\shared\winerror.h(55514): note: vea la definición anterior de 'DXGI_STATUS_MODE_CHANGE_IN_PROGRESS'
C:\Program Files (x86)\Microsoft DirectX SDK (June 2010)\include\dxgitype.h(21): warning C4005: 'DXGI_ERROR_INVALID_CALL': redefinición de macro
  C:\Program Files (x86)\Windows Kits\10\Include\10.0.17763.0\shared\winerror.h(55529): note: vea la definición anterior de 'DXGI_ERROR_INVALID_CALL'
C:\Program Files (x86)\Microsoft DirectX SDK (June 2010)\include\dxgitype.h(22): warning C4005: 'DXGI_ERROR_NOT_FOUND': redefinición de macro
  C:\Program Files (x86)\Windows Kits\10\Include\10.0.17763.0\shared\winerror.h(55538): note: vea la definición anterior de 'DXGI_ERROR_NOT_FOUND'
C:\Program Files (x86)\Microsoft DirectX SDK (June 2010)\include\dxgitype.h(23): warning C4005: 'DXGI_ERROR_MORE_DATA': redefinición de macro
  C:\Program Files (x86)\Windows Kits\10\Include\10.0.17763.0\shared\winerror.h(55547): note: vea la definición anterior de 'DXGI_ERROR_MORE_DATA'
C:\Program Files (x86)\Microsoft DirectX SDK (June 2010)\include\dxgitype.h(24): warning C4005: 'DXGI_ERROR_UNSUPPORTED': redefinición de macro
  C:\Program Files (x86)\Windows Kits\10\Include\10.0.17763.0\shared\winerror.h(55556): note: vea la definición anterior de 'DXGI_ERROR_UNSUPPORTED'
C:\Program Files (x86)\Microsoft DirectX SDK (June 2010)\include\dxgitype.h(25): warning C4005: 'DXGI_ERROR_DEVICE_REMOVED': redefinición de macro
  C:\Program Files (x86)\Windows Kits\10\Include\10.0.17763.0\shared\winerror.h(55565): note: vea la definición anterior de 'DXGI_ERROR_DEVICE_REMOVED'
C:\Program Files (x86)\Microsoft DirectX SDK (June 2010)\include\dxgitype.h(26): warning C4005: 'DXGI_ERROR_DEVICE_HUNG': redefinición de macro
  C:\Program Files (x86)\Windows Kits\10\Include\10.0.17763.0\shared\winerror.h(55574): note: vea la definición anterior de 'DXGI_ERROR_DEVICE_HUNG'
C:\Program Files (x86)\Microsoft DirectX SDK (June 2010)\include\dxgitype.h(27): warning C4005: 'DXGI_ERROR_DEVICE_RESET': redefinición de macro
  C:\Program Files (x86)\Windows Kits\10\Include\10.0.17763.0\shared\winerror.h(55584): note: vea la definición anterior de 'DXGI_ERROR_DEVICE_RESET'
C:\Program Files (x86)\Microsoft DirectX SDK (June 2010)\include\dxgitype.h(28): warning C4005: 'DXGI_ERROR_WAS_STILL_DRAWING': redefinición de macro
  C:\Program Files (x86)\Windows Kits\10\Include\10.0.17763.0\shared\winerror.h(55593): note: vea la definición anterior de 'DXGI_ERROR_WAS_STILL_DRAWING'
C:\Program Files (x86)\Microsoft DirectX SDK (June 2010)\include\dxgitype.h(29): warning C4005: 'DXGI_ERROR_FRAME_STATISTICS_DISJOINT': redefinición de macro
  C:\Program Files (x86)\Windows Kits\10\Include\10.0.17763.0\shared\winerror.h(55603): note: vea la definición anterior de 'DXGI_ERROR_FRAME_STATISTICS_DISJOINT'
C:\Program Files (x86)\Microsoft DirectX SDK (June 2010)\include\dxgitype.h(30): warning C4005: 'DXGI_ERROR_GRAPHICS_VIDPN_SOURCE_IN_USE': redefinición de macro
  C:\Program Files (x86)\Windows Kits\10\Include\10.0.17763.0\shared\winerror.h(55612): note: vea la definición anterior de 'DXGI_ERROR_GRAPHICS_VIDPN_SOURCE_IN_USE'
C:\Program Files (x86)\Microsoft DirectX SDK (June 2010)\include\dxgitype.h(31): warning C4005: 'DXGI_ERROR_DRIVER_INTERNAL_ERROR': redefinición de macro
  C:\Program Files (x86)\Windows Kits\10\Include\10.0.17763.0\shared\winerror.h(55622): note: vea la definición anterior de 'DXGI_ERROR_DRIVER_INTERNAL_ERROR'
C:\Program Files (x86)\Microsoft DirectX SDK (June 2010)\include\dxgitype.h(32): warning C4005: 'DXGI_ERROR_NONEXCLUSIVE': redefinición de macro
  C:\Program Files (x86)\Windows Kits\10\Include\10.0.17763.0\shared\winerror.h(55631): note: vea la definición anterior de 'DXGI_ERROR_NONEXCLUSIVE'
C:\Program Files (x86)\Microsoft DirectX SDK (June 2010)\include\dxgitype.h(33): warning C4005: 'DXGI_ERROR_NOT_CURRENTLY_AVAILABLE': redefinición de macro
  C:\Program Files (x86)\Windows Kits\10\Include\10.0.17763.0\shared\winerror.h(55640): note: vea la definición anterior de 'DXGI_ERROR_NOT_CURRENTLY_AVAILABLE'
C:\Program Files (x86)\Microsoft DirectX SDK (June 2010)\include\dxgitype.h(34): warning C4005: 'DXGI_ERROR_REMOTE_CLIENT_DISCONNECTED': redefinición de macro
  C:\Program Files (x86)\Windows Kits\10\Include\10.0.17763.0\shared\winerror.h(55650): note: vea la definición anterior de 'DXGI_ERROR_REMOTE_CLIENT_DISCONNECTED'
C:\Program Files (x86)\Microsoft DirectX SDK (June 2010)\include\dxgitype.h(35): warning C4005: 'DXGI_ERROR_REMOTE_OUTOFMEMORY': redefinición de macro
  C:\Program Files (x86)\Windows Kits\10\Include\10.0.17763.0\shared\winerror.h(55659): note: vea la definición anterior de 'DXGI_ERROR_REMOTE_OUTOFMEMORY'
C:\Program Files (x86)\Microsoft DirectX SDK (June 2010)\include\d3d11.h(917): warning C4005: 'D3D11_ERROR_TOO_MANY_UNIQUE_STATE_OBJECTS': redefinición de macro
  C:\Program Files (x86)\Windows Kits\10\Include\10.0.17763.0\shared\winerror.h(55923): note: vea la definición anterior de 'D3D11_ERROR_TOO_MANY_UNIQUE_STATE_OBJECTS'
C:\Program Files (x86)\Microsoft DirectX SDK (June 2010)\include\d3d11.h(918): warning C4005: 'D3D11_ERROR_FILE_NOT_FOUND': redefinición de macro
  C:\Program Files (x86)\Windows Kits\10\Include\10.0.17763.0\shared\winerror.h(55932): note: vea la definición anterior de 'D3D11_ERROR_FILE_NOT_FOUND'
C:\Program Files (x86)\Microsoft DirectX SDK (June 2010)\include\d3d11.h(919): warning C4005: 'D3D11_ERROR_TOO_MANY_UNIQUE_VIEW_OBJECTS': redefinición de macro
  C:\Program Files (x86)\Windows Kits\10\Include\10.0.17763.0\shared\winerror.h(55942): note: vea la definición anterior de 'D3D11_ERROR_TOO_MANY_UNIQUE_VIEW_OBJECTS'
C:\Program Files (x86)\Microsoft DirectX SDK (June 2010)\include\d3d11.h(920): warning C4005: 'D3D11_ERROR_DEFERRED_CONTEXT_MAP_WITHOUT_INITIAL_DISCARD': redefinición de macro
  C:\Program Files (x86)\Windows Kits\10\Include\10.0.17763.0\shared\winerror.h(55951): note: vea la definición anterior de 'D3D11_ERROR_DEFERRED_CONTEXT_MAP_WITHOUT_INITIAL_DISCARD'
C:\Program Files (x86)\Microsoft DirectX SDK (June 2010)\include\d3d10.h(608): warning C4005: 'D3D10_ERROR_TOO_MANY_UNIQUE_STATE_OBJECTS': redefinición de macro
  C:\Program Files (x86)\Windows Kits\10\Include\10.0.17763.0\shared\winerror.h(55899): note: vea la definición anterior de 'D3D10_ERROR_TOO_MANY_UNIQUE_STATE_OBJECTS'
C:\Program Files (x86)\Microsoft DirectX SDK (June 2010)\include\d3d10.h(609): warning C4005: 'D3D10_ERROR_FILE_NOT_FOUND': redefinición de macro
  C:\Program Files (x86)\Windows Kits\10\Include\10.0.17763.0\shared\winerror.h(55908): note: vea la definición anterior de 'D3D10_ERROR_FILE_NOT_FOUND'
  imgui_impl_win32.cpp
  imgui_widgets.cpp
  CCamera.cpp
  CCameraManager.cpp
D:\UAD\Github\Graficas-Computacionales-II\Graphics Framework\Source\CCameraManager.cpp(22): warning C4267: '=': conversión de 'size_t' a 'unsigned int'; posible pérdida de datos
  CConstantBuffer.cpp
  CDeviceContext.cpp
  CIndexBuffer.cpp
  CInputManager.cpp
  CMesh.cpp
D:\UAD\Github\Graficas-Computacionales-II\Graphics Framework\Source\CMesh.cpp(128): warning C4267: '=': conversión de 'size_t' a 'unsigned int'; posible pérdida de datos
D:\UAD\Github\Graficas-Computacionales-II\Graphics Framework\Source\CMesh.cpp(129): warning C4267: '=': conversión de 'size_t' a 'unsigned int'; posible pérdida de datos
D:\UAD\Github\Graficas-Computacionales-II\Graphics Framework\Source\CMesh.cpp(159): warning C4267: 'argumento': conversión de 'size_t' a 'GLsizei'; posible pérdida de datos
  CModel.cpp
D:\UAD\Github\Graficas-Computacionales-II\Graphics Framework\Source\CModel.cpp(116): warning C4267: 'inicializando': conversión de 'size_t' a 'unsigned int'; posible pérdida de datos
  CRenderToTexture.cpp
  CSamplerState.cpp
  CScene.cpp
D:\UAD\Github\Graficas-Computacionales-II\Graphics Framework\Source\CScene.cpp(82): warning C4267: 'inicializando': conversión de 'size_t' a 'unsigned int'; posible pérdida de datos
D:\UAD\Github\Graficas-Computacionales-II\Graphics Framework\Source\CScene.cpp(93): warning C4267: '+=': conversión de 'size_t' a 'unsigned int'; posible pérdida de datos
  CUserInterface.cpp
C:\Program Files (x86)\Windows Kits\10\Include\10.0.17763.0\shared\minwindef.h(127): warning C4005: 'CALLBACK': redefinición de macro
  D:\UAD\Github\Graficas-Computacionales-II\Graphics Framework\Header\GL\glut.h(34): note: vea la definición anterior de 'CALLBACK'
  CVertexBuffer.cpp
  CDepthStencil.cpp
  CDevice.cpp
  Generando código...
  Compilando...
  CManager.cpp
  CRenderTarget.cpp
  CShader.cpp
  CShaderProgram.cpp
  CStringConverter.cpp
  CSwapChain.cpp
  CTexture.cpp
  CViewportManager.cpp
  CWindow.cpp
  imgui_impl_opengl3.cpp
  source.cpp
C:\Program Files (x86)\Windows Kits\10\Include\10.0.17763.0\shared\minwindef.h(127): warning C4005: 'CALLBACK': redefinición de macro
  D:\UAD\Github\Graficas-Computacionales-II\Graphics Framework\Header\GL\glut.h(34): note: vea la definición anterior de 'CALLBACK'
  Generando código...
D:\UAD\Github\Graficas-Computacionales-II\Graphics Framework\Source\source.cpp(73): warning C4715: 'WndProc': no todas las rutas de acceso de control devuelven un valor
CModel.obj : error LNK2019: símbolo externo aiGetMaterialTexture sin resolver al que se hace referencia en la función "public: enum aiReturn __cdecl aiMaterial::GetTexture(enum aiTextureType,unsigned int,struct aiString *,enum aiTextureMapping *,unsigned int *,float *,enum aiTextureOp *,enum aiTextureMapMode *)const " (?GetTexture@aiMaterial@@QEBA?AW4aiReturn@@W4aiTextureType@@IPEAUaiString@@PEAW4aiTextureMapping@@PEAIPEAMPEAW4aiTextureOp@@PEAW4aiTextureMapMode@@@Z)
CModel.obj : error LNK2019: símbolo externo aiImportFile sin resolver al que se hace referencia en la función "public: bool __cdecl CModel::Initialize(struct ModelData)" (?Initialize@CModel@@QEAA_NUModelData@@@Z)
CManager.obj : error LNK2019: símbolo externo __imp_glutSwapBuffers sin resolver al que se hace referencia en la función "public: void __cdecl CManager::Render(void)" (?Render@CManager@@QEAAXXZ)
CManager.obj : error LNK2019: símbolo externo __imp_glutGet sin resolver al que se hace referencia en la función "public: void __cdecl CManager::Update(void)" (?Update@CManager@@QEAAXXZ)
CWindow.obj : error LNK2001: símbolo externo __imp_glutGet sin resolver
CTexture.obj : error LNK2019: símbolo externo SOIL_load_image sin resolver al que se hace referencia en la función "public: bool __cdecl CTexture::LoadFromFile(class std::basic_string<char,struct std::char_traits<char>,class std::allocator<char> >)" (?LoadFromFile@CTexture@@QEAA_NV?$basic_string@DU?$char_traits@D@std@@V?$allocator@D@2@@std@@@Z)
CTexture.obj : error LNK2019: símbolo externo SOIL_free_image_data sin resolver al que se hace referencia en la función "public: bool __cdecl CTexture::Initialize(class std::basic_string<char,struct std::char_traits<char>,class std::allocator<char> >)" (?Initialize@CTexture@@QEAA_NV?$basic_string@DU?$char_traits@D@std@@V?$allocator@D@2@@std@@@Z)
CWindow.obj : error LNK2019: símbolo externo __imp_glutInitDisplayMode sin resolver al que se hace referencia en la función "public: void __cdecl CWindow::Initialize(struct Rect,unsigned int,char const *,struct Color,class std::vector<struct ModelData,class std::allocator<struct ModelData> > &)" (?Initialize@CWindow@@QEAAXURect@@IPEBDUColor@@AEAV?$vector@UModelData@@V?$allocator@UModelData@@@std@@@std@@@Z)
CWindow.obj : error LNK2019: símbolo externo __imp_glutInitWindowPosition sin resolver al que se hace referencia en la función "public: void __cdecl CWindow::Initialize(struct Rect,unsigned int,char const *,struct Color,class std::vector<struct ModelData,class std::allocator<struct ModelData> > &)" (?Initialize@CWindow@@QEAAXURect@@IPEBDUColor@@AEAV?$vector@UModelData@@V?$allocator@UModelData@@@std@@@std@@@Z)
CWindow.obj : error LNK2019: símbolo externo __imp_glutInitWindowSize sin resolver al que se hace referencia en la función "public: void __cdecl CWindow::Initialize(struct Rect,unsigned int,char const *,struct Color,class std::vector<struct ModelData,class std::allocator<struct ModelData> > &)" (?Initialize@CWindow@@QEAAXURect@@IPEBDUColor@@AEAV?$vector@UModelData@@V?$allocator@UModelData@@@std@@@std@@@Z)
CWindow.obj : error LNK2019: símbolo externo __imp___glutCreateWindowWithExit sin resolver al que se hace referencia en la función glutCreateWindow_ATEXIT_HACK
source.obj : error LNK2019: símbolo externo __imp___glutInitWithExit sin resolver al que se hace referencia en la función glutInit_ATEXIT_HACK
source.obj : error LNK2019: símbolo externo __imp_glutMainLoop sin resolver al que se hace referencia en la función main
source.obj : error LNK2019: símbolo externo __imp_glutPostRedisplay sin resolver al que se hace referencia en la función "void __cdecl Update(void)" (?Update@@YAXXZ)
source.obj : error LNK2019: símbolo externo __imp_glutDisplayFunc sin resolver al que se hace referencia en la función "void __cdecl SetCallbackFunctions(void)" (?SetCallbackFunctions@@YAXXZ)
source.obj : error LNK2019: símbolo externo __imp_glutKeyboardFunc sin resolver al que se hace referencia en la función "void __cdecl SetCallbackFunctions(void)" (?SetCallbackFunctions@@YAXXZ)
source.obj : error LNK2019: símbolo externo __imp_glutMouseFunc sin resolver al que se hace referencia en la función "void __cdecl SetCallbackFunctions(void)" (?SetCallbackFunctions@@YAXXZ)
source.obj : error LNK2019: símbolo externo __imp_glutMotionFunc sin resolver al que se hace referencia en la función "void __cdecl SetCallbackFunctions(void)" (?SetCallbackFunctions@@YAXXZ)
source.obj : error LNK2019: símbolo externo __imp_glutIdleFunc sin resolver al que se hace referencia en la función "void __cdecl SetCallbackFunctions(void)" (?SetCallbackFunctions@@YAXXZ)
source.obj : error LNK2019: símbolo externo __imp_glutKeyboardUpFunc sin resolver al que se hace referencia en la función "void __cdecl SetCallbackFunctions(void)" (?SetCallbackFunctions@@YAXXZ)
D:\UAD\Github\Graficas-Computacionales-II\Graphics Framework\lib\x64\assimp.lib : warning LNK4272: el tipo de máquina de biblioteca 'x86' está en conflicto con el tipo de máquina de destino 'x64'
D:\UAD\Github\Graficas-Computacionales-II\Graphics Framework\lib\x64\glew32sd.lib : warning LNK4272: el tipo de máquina de biblioteca 'x86' está en conflicto con el tipo de máquina de destino 'x64'
D:\UAD\Github\Graficas-Computacionales-II\Graphics Framework\lib\x64\glut32.lib : warning LNK4272: el tipo de máquina de biblioteca 'x86' está en conflicto con el tipo de máquina de destino 'x64'
D:\UAD\Github\Graficas-Computacionales-II\Graphics Framework\lib\x64\soil2-debug.lib : warning LNK4272: el tipo de máquina de biblioteca 'x86' está en conflicto con el tipo de máquina de destino 'x64'
D:\UAD\Github\Graficas-Computacionales-II\Graphics Framework\x64\Debug\Graphics Framework.exe : fatal error LNK1120: 19 externos sin resolver
