  imgui.cpp
  imgui_draw.cpp
  imgui_impl_dx11.cpp
  imgui_impl_win32.cpp
  imgui_widgets.cpp
  CCamera.cpp
d:\uad\6\graficas computacionales\graphics framework\header\header.h(21): fatal error C1083: Cannot open include file: 'assimp/scene.h': No such file or directory
  CCameraManager.cpp
d:\uad\6\graficas computacionales\graphics framework\header\header.h(21): fatal error C1083: Cannot open include file: 'assimp/scene.h': No such file or directory
  CConstantBuffer.cpp
d:\uad\6\graficas computacionales\graphics framework\header\header.h(21): fatal error C1083: Cannot open include file: 'assimp/scene.h': No such file or directory
  CDeviceContext.cpp
d:\uad\6\graficas computacionales\graphics framework\header\header.h(21): fatal error C1083: Cannot open include file: 'assimp/scene.h': No such file or directory
  CIndexBuffer.cpp
d:\uad\6\graficas computacionales\graphics framework\header\header.h(21): fatal error C1083: Cannot open include file: 'assimp/scene.h': No such file or directory
  CInputManager.cpp
d:\uad\6\graficas computacionales\graphics framework\header\header.h(21): fatal error C1083: Cannot open include file: 'assimp/scene.h': No such file or directory
  CMaterial.cpp
d:\uad\6\graficas computacionales\graphics framework\source\cmaterial.cpp(1): fatal error C1083: Cannot open include file: 'CMaterial.h': No such file or directory
  CMesh.cpp
d:\uad\6\graficas computacionales\graphics framework\header\header.h(21): fatal error C1083: Cannot open include file: 'assimp/scene.h': No such file or directory
  CModel.cpp
d:\uad\6\graficas computacionales\graphics framework\header\header.h(21): fatal error C1083: Cannot open include file: 'assimp/scene.h': No such file or directory
  CRenderToTexture.cpp
d:\uad\6\graficas computacionales\graphics framework\header\header.h(21): fatal error C1083: Cannot open include file: 'assimp/scene.h': No such file or directory
  CSamplerState.cpp
d:\uad\6\graficas computacionales\graphics framework\header\header.h(21): fatal error C1083: Cannot open include file: 'assimp/scene.h': No such file or directory
  CScene.cpp
d:\uad\6\graficas computacionales\graphics framework\header\header.h(21): fatal error C1083: Cannot open include file: 'assimp/scene.h': No such file or directory
  CUserInterface.cpp
d:\uad\6\graficas computacionales\graphics framework\header\header.h(21): fatal error C1083: Cannot open include file: 'assimp/scene.h': No such file or directory
  CVertexBuffer.cpp
d:\uad\6\graficas computacionales\graphics framework\header\header.h(21): fatal error C1083: Cannot open include file: 'assimp/scene.h': No such file or directory
  CDepthStencil.cpp
d:\uad\6\graficas computacionales\graphics framework\header\header.h(21): fatal error C1083: Cannot open include file: 'assimp/scene.h': No such file or directory
  Compiling...
  CDevice.cpp
d:\uad\6\graficas computacionales\graphics framework\header\header.h(21): fatal error C1083: Cannot open include file: 'assimp/scene.h': No such file or directory
  CManager.cpp
d:\uad\6\graficas computacionales\graphics framework\header\header.h(21): fatal error C1083: Cannot open include file: 'assimp/scene.h': No such file or directory
  CRenderTarget.cpp
d:\uad\6\graficas computacionales\graphics framework\header\header.h(21): fatal error C1083: Cannot open include file: 'assimp/scene.h': No such file or directory
  CShader.cpp
d:\uad\6\graficas computacionales\graphics framework\header\header.h(21): fatal error C1083: Cannot open include file: 'assimp/scene.h': No such file or directory
  CShaderProgram.cpp
d:\uad\6\graficas computacionales\graphics framework\header\header.h(21): fatal error C1083: Cannot open include file: 'assimp/scene.h': No such file or directory
  CStringConverter.cpp
d:\uad\6\graficas computacionales\graphics framework\header\header.h(21): fatal error C1083: Cannot open include file: 'assimp/scene.h': No such file or directory
  CSwapChain.cpp
d:\uad\6\graficas computacionales\graphics framework\header\header.h(21): fatal error C1083: Cannot open include file: 'assimp/scene.h': No such file or directory
  CTexture.cpp
d:\uad\6\graficas computacionales\graphics framework\header\header.h(21): fatal error C1083: Cannot open include file: 'assimp/scene.h': No such file or directory
  CViewportManager.cpp
d:\uad\6\graficas computacionales\graphics framework\header\header.h(21): fatal error C1083: Cannot open include file: 'assimp/scene.h': No such file or directory
  CWindow.cpp
d:\uad\6\graficas computacionales\graphics framework\header\header.h(21): fatal error C1083: Cannot open include file: 'assimp/scene.h': No such file or directory
  imgui_impl_opengl3.cpp
d:\uad\6\graficas computacionales\graphics framework\header\header.h(21): fatal error C1083: Cannot open include file: 'assimp/scene.h': No such file or directory
  source.cpp
d:\uad\6\graficas computacionales\graphics framework\header\header.h(21): fatal error C1083: Cannot open include file: 'assimp/scene.h': No such file or directory
