d:\uad\5\gráficas computacionales i\graphics framework(examen)\graphics framework\debug\vc141.pdb
d:\uad\5\gráficas computacionales i\graphics framework(examen)\graphics framework\debug\vc141.idb
d:\uad\5\gráficas computacionales i\graphics framework(examen)\graphics framework\debug\cdevice.obj
d:\uad\5\gráficas computacionales i\graphics framework(examen)\graphics framework\debug\cdepthstencil.obj
d:\uad\5\gráficas computacionales i\graphics framework(examen)\graphics framework\debug\cvertexbuffer.obj
d:\uad\5\gráficas computacionales i\graphics framework(examen)\graphics framework\debug\cuserinterface.obj
d:\uad\5\gráficas computacionales i\graphics framework(examen)\graphics framework\debug\cscene.obj
d:\uad\5\gráficas computacionales i\graphics framework(examen)\graphics framework\debug\csamplerstate.obj
d:\uad\5\gráficas computacionales i\graphics framework(examen)\graphics framework\debug\crendertotexture.obj
d:\uad\5\gráficas computacionales i\graphics framework(examen)\graphics framework\debug\cmodel.obj
d:\uad\5\gráficas computacionales i\graphics framework(examen)\graphics framework\debug\cmesh.obj
d:\uad\5\gráficas computacionales i\graphics framework(examen)\graphics framework\debug\cinputmanager.obj
d:\uad\5\gráficas computacionales i\graphics framework(examen)\graphics framework\debug\cindexbuffer.obj
d:\uad\5\gráficas computacionales i\graphics framework(examen)\graphics framework\debug\cdevicecontext.obj
d:\uad\5\gráficas computacionales i\graphics framework(examen)\graphics framework\debug\cconstantbuffer.obj
d:\uad\5\gráficas computacionales i\graphics framework(examen)\graphics framework\debug\ccameramanager.obj
d:\uad\5\gráficas computacionales i\graphics framework(examen)\graphics framework\debug\ccamera.obj
d:\uad\5\gráficas computacionales i\graphics framework(examen)\graphics framework\debug\imgui_widgets.obj
d:\uad\5\gráficas computacionales i\graphics framework(examen)\graphics framework\debug\imgui_impl_win32.obj
d:\uad\5\gráficas computacionales i\graphics framework(examen)\graphics framework\debug\imgui_impl_dx11.obj
d:\uad\5\gráficas computacionales i\graphics framework(examen)\graphics framework\debug\imgui_draw.obj
d:\uad\5\gráficas computacionales i\graphics framework(examen)\graphics framework\debug\imgui.obj
d:\uad\5\gráficas computacionales i\graphics framework(examen)\graphics framework\debug\source.obj
d:\uad\5\gráficas computacionales i\graphics framework(examen)\graphics framework\debug\imgui_impl_opengl3.obj
d:\uad\5\gráficas computacionales i\graphics framework(examen)\graphics framework\debug\cwindow.obj
d:\uad\5\gráficas computacionales i\graphics framework(examen)\graphics framework\debug\cviewportmanager.obj
d:\uad\5\gráficas computacionales i\graphics framework(examen)\graphics framework\debug\ctexture.obj
d:\uad\5\gráficas computacionales i\graphics framework(examen)\graphics framework\debug\cswapchain.obj
d:\uad\5\gráficas computacionales i\graphics framework(examen)\graphics framework\debug\cstringconverter.obj
d:\uad\5\gráficas computacionales i\graphics framework(examen)\graphics framework\debug\cshaderprogram.obj
d:\uad\5\gráficas computacionales i\graphics framework(examen)\graphics framework\debug\cshader.obj
d:\uad\5\gráficas computacionales i\graphics framework(examen)\graphics framework\debug\crendertarget.obj
d:\uad\5\gráficas computacionales i\graphics framework(examen)\graphics framework\debug\cmanager.obj
d:\uad\5\gráficas computacionales i\graphics framework(examen)\debug\graphics framework.exe
d:\uad\5\gráficas computacionales i\graphics framework(examen)\debug\graphics framework.ilk
d:\uad\5\gráficas computacionales i\graphics framework(examen)\debug\graphics framework.pdb
d:\uad\5\gráficas computacionales i\graphics framework(examen)\graphics framework\debug\graphics.85df221c.tlog\cl.command.1.tlog
d:\uad\5\gráficas computacionales i\graphics framework(examen)\graphics framework\debug\graphics.85df221c.tlog\cl.read.1.tlog
d:\uad\5\gráficas computacionales i\graphics framework(examen)\graphics framework\debug\graphics.85df221c.tlog\cl.write.1.tlog
d:\uad\5\gráficas computacionales i\graphics framework(examen)\graphics framework\debug\graphics.85df221c.tlog\link.command.1.tlog
d:\uad\5\gráficas computacionales i\graphics framework(examen)\graphics framework\debug\graphics.85df221c.tlog\link.read.1.tlog
d:\uad\5\gráficas computacionales i\graphics framework(examen)\graphics framework\debug\graphics.85df221c.tlog\link.write.1.tlog
